#! /usr/local/Cellar/icarus-verilog/10.3/bin/vvp
:ivl_version "10.3 (stable)" "(v10_3)";
:ivl_delay_selection "TYPICAL";
:vpi_time_precision + 0;
:vpi_module "system";
:vpi_module "vhdl_sys";
:vpi_module "v2005_math";
:vpi_module "va_math";
S_0x7fcd36c06b50 .scope module, "priority8" "priority8" 2 1;
 .timescale 0 0;
    .port_info 0 /INPUT 8 "a"
    .port_info 1 /OUTPUT 8 "y"
o0x105b05008 .functor BUFZ 8, C4<zzzzzzzz>; HiZ drive
v0x7fcd36c03720_0 .net "a", 7 0, o0x105b05008;  0 drivers
v0x7fcd36d0cb40_0 .var "y", 7 0;
E_0x7fcd36c03c80 .event edge, v0x7fcd36c03720_0;
    .scope S_0x7fcd36c06b50;
T_0 ;
    %wait E_0x7fcd36c03c80;
    %load/vec4 v0x7fcd36c03720_0;
    %dup/vec4;
    %pushi/vec4 128, 127, 8;
    %cmp/z;
    %jmp/1 T_0.0, 4;
    %dup/vec4;
    %pushi/vec4 64, 63, 8;
    %cmp/z;
    %jmp/1 T_0.1, 4;
    %dup/vec4;
    %pushi/vec4 32, 31, 8;
    %cmp/z;
    %jmp/1 T_0.2, 4;
    %dup/vec4;
    %pushi/vec4 16, 15, 8;
    %cmp/z;
    %jmp/1 T_0.3, 4;
    %dup/vec4;
    %pushi/vec4 8, 7, 8;
    %cmp/z;
    %jmp/1 T_0.4, 4;
    %dup/vec4;
    %pushi/vec4 4, 3, 8;
    %cmp/z;
    %jmp/1 T_0.5, 4;
    %dup/vec4;
    %pushi/vec4 2, 1, 8;
    %cmp/z;
    %jmp/1 T_0.6, 4;
    %dup/vec4;
    %pushi/vec4 1, 0, 8;
    %cmp/z;
    %jmp/1 T_0.7, 4;
    %jmp T_0.8;
T_0.0 ;
    %pushi/vec4 128, 0, 8;
    %store/vec4 v0x7fcd36d0cb40_0, 0, 8;
    %jmp T_0.8;
T_0.1 ;
    %pushi/vec4 64, 0, 8;
    %store/vec4 v0x7fcd36d0cb40_0, 0, 8;
    %jmp T_0.8;
T_0.2 ;
    %pushi/vec4 32, 0, 8;
    %store/vec4 v0x7fcd36d0cb40_0, 0, 8;
    %jmp T_0.8;
T_0.3 ;
    %pushi/vec4 16, 0, 8;
    %store/vec4 v0x7fcd36d0cb40_0, 0, 8;
    %jmp T_0.8;
T_0.4 ;
    %pushi/vec4 8, 0, 8;
    %store/vec4 v0x7fcd36d0cb40_0, 0, 8;
    %jmp T_0.8;
T_0.5 ;
    %pushi/vec4 4, 0, 8;
    %store/vec4 v0x7fcd36d0cb40_0, 0, 8;
    %jmp T_0.8;
T_0.6 ;
    %pushi/vec4 2, 0, 8;
    %store/vec4 v0x7fcd36d0cb40_0, 0, 8;
    %jmp T_0.8;
T_0.7 ;
    %pushi/vec4 1, 0, 8;
    %store/vec4 v0x7fcd36d0cb40_0, 0, 8;
    %jmp T_0.8;
T_0.8 ;
    %pop/vec4 1;
    %jmp T_0;
    .thread T_0, $push;
# The file index is used to find the file name in the following table.
:file_names 3;
    "N/A";
    "<interactive>";
    "priority.v";
