#! /usr/local/Cellar/icarus-verilog/10.3/bin/vvp
:ivl_version "10.3 (stable)" "(v10_3)";
:ivl_delay_selection "TYPICAL";
:vpi_time_precision + 0;
:vpi_module "system";
:vpi_module "vhdl_sys";
:vpi_module "v2005_math";
:vpi_module "va_math";
S_0x7fd759502b10 .scope module, "shift2" "shift2" 2 1;
 .timescale 0 0;
    .port_info 0 /INPUT 32 "a"
    .port_info 1 /OUTPUT 32 "y"
P_0x7fd759502770 .param/l "N" 0 2 2, +C4<00000000000000000000000000100000>;
v0x7fd759502c70_0 .net *"_s1", 29 0, L_0x7fd759512e70;  1 drivers
L_0x10bddb008 .functor BUFT 1, C4<00>, C4<0>, C4<0>, C4<0>;
v0x7fd759512c40_0 .net/2u *"_s2", 1 0, L_0x10bddb008;  1 drivers
o0x10bdaa068 .functor BUFZ 32, C4<zzzzzzzzzzzzzzzzzzzzzzzzzzzzzzzz>; HiZ drive
v0x7fd759512ce0_0 .net "a", 31 0, o0x10bdaa068;  0 drivers
v0x7fd759512d90_0 .net "y", 31 0, L_0x7fd759512f70;  1 drivers
L_0x7fd759512e70 .part o0x10bdaa068, 0, 30;
L_0x7fd759512f70 .concat [ 2 30 0 0], L_0x10bddb008, L_0x7fd759512e70;
# The file index is used to find the file name in the following table.
:file_names 3;
    "N/A";
    "<interactive>";
    "shift2.v";
