#! /usr/local/Cellar/icarus-verilog/10.3/bin/vvp
:ivl_version "10.3 (stable)" "(v10_3)";
:ivl_delay_selection "TYPICAL";
:vpi_time_precision + 0;
:vpi_module "system";
:vpi_module "vhdl_sys";
:vpi_module "v2005_math";
:vpi_module "va_math";
S_0x7fd1fc504150 .scope module, "minority" "minority" 2 2;
 .timescale 0 0;
    .port_info 0 /INPUT 1 "a"
    .port_info 1 /INPUT 1 "b"
    .port_info 2 /INPUT 1 "c"
    .port_info 3 /OUTPUT 1 "y"
o0x1018fe1e8 .functor BUFZ 1, C4<z>; HiZ drive
L_0x7fd1fc514b90 .functor NOT 1, o0x1018fe1e8, C4<0>, C4<0>, C4<0>;
o0x1018fe218 .functor BUFZ 1, C4<z>; HiZ drive
L_0x7fd1fc514c00 .functor NOT 1, o0x1018fe218, C4<0>, C4<0>, C4<0>;
L_0x7fd1fc514df0 .functor NOT 1, o0x1018fe1e8, C4<0>, C4<0>, C4<0>;
o0x1018fe248 .functor BUFZ 1, C4<z>; HiZ drive
L_0x7fd1fc514ea0 .functor NOT 1, o0x1018fe248, C4<0>, C4<0>, C4<0>;
L_0x7fd1fc515070 .functor OR 1, L_0x7fd1fc514cb0, L_0x7fd1fc514f30, C4<0>, C4<0>;
L_0x7fd1fc515160 .functor NOT 1, o0x1018fe218, C4<0>, C4<0>, C4<0>;
L_0x7fd1fc515210 .functor NOT 1, o0x1018fe248, C4<0>, C4<0>, C4<0>;
L_0x7fd1fc515420 .functor OR 1, L_0x7fd1fc515070, L_0x7fd1fc515300, C4<0>, C4<0>;
v0x7fd1fc5042b0_0 .net *"_s0", 0 0, L_0x7fd1fc514b90;  1 drivers
v0x7fd1fc5141f0_0 .net *"_s11", 0 0, L_0x7fd1fc514f30;  1 drivers
v0x7fd1fc514290_0 .net *"_s12", 0 0, L_0x7fd1fc515070;  1 drivers
v0x7fd1fc514340_0 .net *"_s14", 0 0, L_0x7fd1fc515160;  1 drivers
v0x7fd1fc5143f0_0 .net *"_s16", 0 0, L_0x7fd1fc515210;  1 drivers
v0x7fd1fc5144e0_0 .net *"_s19", 0 0, L_0x7fd1fc515300;  1 drivers
v0x7fd1fc514590_0 .net *"_s2", 0 0, L_0x7fd1fc514c00;  1 drivers
v0x7fd1fc514640_0 .net *"_s5", 0 0, L_0x7fd1fc514cb0;  1 drivers
v0x7fd1fc5146f0_0 .net *"_s6", 0 0, L_0x7fd1fc514df0;  1 drivers
v0x7fd1fc514800_0 .net *"_s8", 0 0, L_0x7fd1fc514ea0;  1 drivers
v0x7fd1fc5148b0_0 .net "a", 0 0, o0x1018fe1e8;  0 drivers
v0x7fd1fc514950_0 .net "b", 0 0, o0x1018fe218;  0 drivers
v0x7fd1fc5149f0_0 .net "c", 0 0, o0x1018fe248;  0 drivers
v0x7fd1fc514a90_0 .net "y", 0 0, L_0x7fd1fc515420;  1 drivers
L_0x7fd1fc514cb0 .arith/mult 1, L_0x7fd1fc514b90, L_0x7fd1fc514c00;
L_0x7fd1fc514f30 .arith/mult 1, L_0x7fd1fc514df0, L_0x7fd1fc514ea0;
L_0x7fd1fc515300 .arith/mult 1, L_0x7fd1fc515160, L_0x7fd1fc515210;
# The file index is used to find the file name in the following table.
:file_names 3;
    "N/A";
    "<interactive>";
    "minority.v";
