#! /usr/local/Cellar/icarus-verilog/10.3/bin/vvp
:ivl_version "10.3 (stable)" "(v10_3)";
:ivl_delay_selection "TYPICAL";
:vpi_time_precision + 0;
:vpi_module "system";
:vpi_module "vhdl_sys";
:vpi_module "v2005_math";
:vpi_module "va_math";
S_0x7f8f5e503450 .scope module, "SRtrigger" "SRtrigger" 2 1;
 .timescale 0 0;
    .port_info 0 /INPUT 1 "s"
    .port_info 1 /INPUT 1 "r"
    .port_info 2 /OUTPUT 1 "q"
    .port_info 3 /OUTPUT 1 "qn"
v0x7f8f5e5035b0_0 .var "q", 0 0;
v0x7f8f5e513530_0 .var "qn", 0 0;
o0x10089e068 .functor BUFZ 1, C4<z>; HiZ drive
v0x7f8f5e5135d0_0 .net "r", 0 0, o0x10089e068;  0 drivers
o0x10089e098 .functor BUFZ 1, C4<z>; HiZ drive
v0x7f8f5e513680_0 .net "s", 0 0, o0x10089e098;  0 drivers
E_0x7f8f5e500060 .event edge, v0x7f8f5e513680_0, v0x7f8f5e5135d0_0, v0x7f8f5e5035b0_0, v0x7f8f5e513530_0;
    .scope S_0x7f8f5e503450;
T_0 ;
    %wait E_0x7f8f5e500060;
    %load/vec4 v0x7f8f5e513680_0;
    %load/vec4 v0x7f8f5e5135d0_0;
    %concat/vec4; draw_concat_vec4
    %dup/vec4;
    %pushi/vec4 2, 0, 2;
    %cmp/u;
    %jmp/1 T_0.0, 6;
    %dup/vec4;
    %pushi/vec4 1, 0, 2;
    %cmp/u;
    %jmp/1 T_0.1, 6;
    %dup/vec4;
    %pushi/vec4 0, 0, 2;
    %cmp/u;
    %jmp/1 T_0.2, 6;
    %dup/vec4;
    %pushi/vec4 3, 0, 2;
    %cmp/u;
    %jmp/1 T_0.3, 6;
    %jmp T_0.4;
T_0.0 ;
    %pushi/vec4 2, 0, 2;
    %split/vec4 1;
    %store/vec4 v0x7f8f5e513530_0, 0, 1;
    %store/vec4 v0x7f8f5e5035b0_0, 0, 1;
    %jmp T_0.4;
T_0.1 ;
    %pushi/vec4 1, 0, 2;
    %split/vec4 1;
    %store/vec4 v0x7f8f5e513530_0, 0, 1;
    %store/vec4 v0x7f8f5e5035b0_0, 0, 1;
    %jmp T_0.4;
T_0.2 ;
    %load/vec4 v0x7f8f5e5035b0_0;
    %load/vec4 v0x7f8f5e513530_0;
    %concat/vec4; draw_concat_vec4
    %split/vec4 1;
    %store/vec4 v0x7f8f5e513530_0, 0, 1;
    %store/vec4 v0x7f8f5e5035b0_0, 0, 1;
    %jmp T_0.4;
T_0.3 ;
    %pushi/vec4 3, 3, 2;
    %split/vec4 1;
    %store/vec4 v0x7f8f5e513530_0, 0, 1;
    %store/vec4 v0x7f8f5e5035b0_0, 0, 1;
    %jmp T_0.4;
T_0.4 ;
    %pop/vec4 1;
    %jmp T_0;
    .thread T_0, $push;
# The file index is used to find the file name in the following table.
:file_names 3;
    "N/A";
    "<interactive>";
    "SRtrigger.v";
