#! /usr/local/Cellar/icarus-verilog/10.3/bin/vvp
:ivl_version "10.3 (stable)" "(v10_3)";
:ivl_delay_selection "TYPICAL";
:vpi_time_precision + 0;
:vpi_module "system";
:vpi_module "vhdl_sys";
:vpi_module "v2005_math";
:vpi_module "va_math";
S_0x7fac58506710 .scope module, "test" "test" 2 1;
 .timescale 0 0;
v0x7fac5840bb80_0 .var "s", 5 0;
v0x7fac5840bc50_0 .net "y", 63 0, v0x7fac5840baa0_0;  1 drivers
S_0x7fac58506870 .scope module, "testee" "dmux660" 2 5, 3 1 0, S_0x7fac58506710;
 .timescale 0 0;
    .port_info 0 /INPUT 6 "s"
    .port_info 1 /OUTPUT 64 "y"
v0x7fac5840b9e0_0 .net "s", 5 0, v0x7fac5840bb80_0;  1 drivers
v0x7fac5840baa0_0 .var "y", 63 0;
E_0x7fac585023b0 .event edge, v0x7fac585009d0_0, v0x7fac5840b9e0_0;
S_0x7fac585069d0 .scope begin, "declPort" "declPort" 3 5, 3 5 0, S_0x7fac58506870;
 .timescale 0 0;
v0x7fac585009d0_0 .var/i "i", 31 0;
    .scope S_0x7fac58506870;
T_0 ;
    %wait E_0x7fac585023b0;
    %fork t_1, S_0x7fac585069d0;
    %jmp t_0;
    .scope S_0x7fac585069d0;
t_1 ;
    %pushi/vec4 0, 0, 32;
    %store/vec4 v0x7fac585009d0_0, 0, 32;
T_0.0 ;
    %load/vec4 v0x7fac585009d0_0;
    %cmpi/s 64, 0, 32;
    %jmp/0xz T_0.1, 5;
    %load/vec4 v0x7fac5840b9e0_0;
    %pad/u 32;
    %load/vec4 v0x7fac585009d0_0;
    %cmp/e;
    %flag_mov 8, 4;
    %jmp/0 T_0.2, 8;
    %pushi/vec4 1, 0, 1;
    %jmp/1 T_0.3, 8;
T_0.2 ; End of true expr.
    %pushi/vec4 0, 0, 1;
    %jmp/0 T_0.3, 8;
 ; End of false expr.
    %blend;
T_0.3;
    %ix/getv/s 4, v0x7fac585009d0_0;
    %store/vec4 v0x7fac5840baa0_0, 4, 1;
    %load/vec4 v0x7fac585009d0_0;
    %pushi/vec4 1, 0, 32;
    %add;
    %store/vec4 v0x7fac585009d0_0, 0, 32;
    %jmp T_0.0;
T_0.1 ;
    %end;
    .scope S_0x7fac58506870;
t_0 %join;
    %jmp T_0;
    .thread T_0, $push;
    .scope S_0x7fac58506710;
T_1 ;
    %vpi_call 2 7 "$dumpfile", "dump" {0 0 0};
    %vpi_call 2 8 "$dumpvars", 32'sb00000000000000000000000000000000, S_0x7fac58506710 {0 0 0};
    %end;
    .thread T_1;
    .scope S_0x7fac58506710;
T_2 ;
    %delay 16, 0;
    %vpi_call 2 11 "$finish" {0 0 0};
    %end;
    .thread T_2;
    .scope S_0x7fac58506710;
T_3 ;
    %pushi/vec4 0, 0, 6;
    %store/vec4 v0x7fac5840bb80_0, 0, 6;
    %end;
    .thread T_3;
    .scope S_0x7fac58506710;
T_4 ;
    %delay 1, 0;
    %pushi/vec4 4, 0, 6;
    %store/vec4 v0x7fac5840bb80_0, 0, 6;
    %end;
    .thread T_4;
    .scope S_0x7fac58506710;
T_5 ;
    %delay 2, 0;
    %pushi/vec4 60, 0, 6;
    %store/vec4 v0x7fac5840bb80_0, 0, 6;
    %end;
    .thread T_5;
    .scope S_0x7fac58506710;
T_6 ;
    %delay 3, 0;
    %pushi/vec4 1, 0, 6;
    %store/vec4 v0x7fac5840bb80_0, 0, 6;
    %end;
    .thread T_6;
    .scope S_0x7fac58506710;
T_7 ;
    %delay 4, 0;
    %pushi/vec4 43, 0, 6;
    %store/vec4 v0x7fac5840bb80_0, 0, 6;
    %end;
    .thread T_7;
    .scope S_0x7fac58506710;
T_8 ;
    %delay 5, 0;
    %pushi/vec4 63, 0, 6;
    %store/vec4 v0x7fac5840bb80_0, 0, 6;
    %end;
    .thread T_8;
# The file index is used to find the file name in the following table.
:file_names 4;
    "N/A";
    "<interactive>";
    "test_dmux660.v";
    "dmux660.v";
