#! /usr/local/Cellar/icarus-verilog/10.3/bin/vvp
:ivl_version "10.3 (stable)" "(v10_3)";
:ivl_delay_selection "TYPICAL";
:vpi_time_precision + 0;
:vpi_module "system";
:vpi_module "vhdl_sys";
:vpi_module "v2005_math";
:vpi_module "va_math";
S_0x7fd6a160c530 .scope module, "test_alu4" "test_alu4" 2 1;
 .timescale 0 0;
v0x7fd6a161f160_0 .var "a", 31 0;
v0x7fd6a161f1f0_0 .var "b", 31 0;
v0x7fd6a161f280_0 .var "f", 2 0;
v0x7fd6a161f310_0 .net "overflow", 0 0, L_0x7fd6a161ff20;  1 drivers
v0x7fd6a161f3c0_0 .net "y", 31 0, v0x7fd6a161efb0_0;  1 drivers
v0x7fd6a161f490_0 .net "zero", 0 0, L_0x7fd6a1620090;  1 drivers
S_0x7fd6a1605ad0 .scope module, "testee" "alu4" 2 7, 3 1 0, S_0x7fd6a160c530;
 .timescale 0 0;
    .port_info 0 /INPUT 3 "f"
    .port_info 1 /INPUT 32 "a"
    .port_info 2 /INPUT 32 "b"
    .port_info 3 /OUTPUT 32 "y"
    .port_info 4 /OUTPUT 1 "overflow"
    .port_info 5 /OUTPUT 1 "zero"
P_0x7fd6a160a190 .param/l "N" 0 3 2, +C4<00000000000000000000000000100000>;
L_0x7fd6a161f640 .functor NOT 32, v0x7fd6a161f1f0_0, C4<00000000000000000000000000000000>, C4<00000000000000000000000000000000>, C4<00000000000000000000000000000000>;
v0x7fd6a1605cc0_0 .net "_ab", 32 0, L_0x7fd6a161fde0;  1 drivers
v0x7fd6a161e3a0_0 .net "_b", 31 0, L_0x7fd6a161f6f0;  1 drivers
v0x7fd6a161e440_0 .net *"_s1", 0 0, L_0x7fd6a161f540;  1 drivers
v0x7fd6a161e4d0_0 .net *"_s10", 32 0, L_0x7fd6a161f930;  1 drivers
L_0x104cac050 .functor BUFT 1, C4<0>, C4<0>, C4<0>, C4<0>;
v0x7fd6a161e560_0 .net *"_s13", 0 0, L_0x104cac050;  1 drivers
v0x7fd6a161e630_0 .net *"_s14", 32 0, L_0x7fd6a161fa70;  1 drivers
v0x7fd6a161e6e0_0 .net *"_s17", 0 0, L_0x7fd6a161fbe0;  1 drivers
v0x7fd6a161e790_0 .net *"_s18", 32 0, L_0x7fd6a161fc80;  1 drivers
v0x7fd6a161e840_0 .net *"_s2", 31 0, L_0x7fd6a161f640;  1 drivers
L_0x104cac098 .functor BUFT 1, C4<00000000000000000000000000000000>, C4<0>, C4<0>, C4<0>;
v0x7fd6a161e950_0 .net *"_s21", 31 0, L_0x104cac098;  1 drivers
L_0x104cac0e0 .functor BUFT 1, C4<00000000000000000000000000000000>, C4<0>, C4<0>, C4<0>;
v0x7fd6a161ea00_0 .net/2u *"_s26", 31 0, L_0x104cac0e0;  1 drivers
v0x7fd6a161eab0_0 .net *"_s6", 32 0, L_0x7fd6a161f810;  1 drivers
L_0x104cac008 .functor BUFT 1, C4<0>, C4<0>, C4<0>, C4<0>;
v0x7fd6a161eb60_0 .net *"_s9", 0 0, L_0x104cac008;  1 drivers
v0x7fd6a161ec10_0 .net "a", 31 0, v0x7fd6a161f160_0;  1 drivers
v0x7fd6a161ecc0_0 .net "b", 31 0, v0x7fd6a161f1f0_0;  1 drivers
v0x7fd6a161ed70_0 .net "f", 2 0, v0x7fd6a161f280_0;  1 drivers
v0x7fd6a161ee20_0 .net "overflow", 0 0, L_0x7fd6a161ff20;  alias, 1 drivers
v0x7fd6a161efb0_0 .var "y", 31 0;
v0x7fd6a161f040_0 .net "zero", 0 0, L_0x7fd6a1620090;  alias, 1 drivers
E_0x7fd6a160ce80 .event edge, v0x7fd6a161ed70_0, v0x7fd6a161ec10_0, v0x7fd6a161e3a0_0, v0x7fd6a1605cc0_0;
L_0x7fd6a161f540 .part v0x7fd6a161f280_0, 2, 1;
L_0x7fd6a161f6f0 .functor MUXZ 32, v0x7fd6a161f1f0_0, L_0x7fd6a161f640, L_0x7fd6a161f540, C4<>;
L_0x7fd6a161f810 .concat [ 32 1 0 0], v0x7fd6a161f160_0, L_0x104cac008;
L_0x7fd6a161f930 .concat [ 32 1 0 0], L_0x7fd6a161f6f0, L_0x104cac050;
L_0x7fd6a161fa70 .arith/sum 33, L_0x7fd6a161f810, L_0x7fd6a161f930;
L_0x7fd6a161fbe0 .part v0x7fd6a161f280_0, 2, 1;
L_0x7fd6a161fc80 .concat [ 1 32 0 0], L_0x7fd6a161fbe0, L_0x104cac098;
L_0x7fd6a161fde0 .arith/sum 33, L_0x7fd6a161fa70, L_0x7fd6a161fc80;
L_0x7fd6a161ff20 .part L_0x7fd6a161fde0, 32, 1;
L_0x7fd6a1620090 .cmp/eq 32, v0x7fd6a161efb0_0, L_0x104cac0e0;
    .scope S_0x7fd6a1605ad0;
T_0 ;
    %wait E_0x7fd6a160ce80;
    %load/vec4 v0x7fd6a161ed70_0;
    %parti/s 2, 0, 2;
    %dup/vec4;
    %pushi/vec4 0, 0, 2;
    %cmp/u;
    %jmp/1 T_0.0, 6;
    %dup/vec4;
    %pushi/vec4 1, 0, 2;
    %cmp/u;
    %jmp/1 T_0.1, 6;
    %dup/vec4;
    %pushi/vec4 2, 0, 2;
    %cmp/u;
    %jmp/1 T_0.2, 6;
    %dup/vec4;
    %pushi/vec4 3, 0, 2;
    %cmp/u;
    %jmp/1 T_0.3, 6;
    %jmp T_0.4;
T_0.0 ;
    %load/vec4 v0x7fd6a161ec10_0;
    %load/vec4 v0x7fd6a161e3a0_0;
    %and;
    %store/vec4 v0x7fd6a161efb0_0, 0, 32;
    %jmp T_0.4;
T_0.1 ;
    %load/vec4 v0x7fd6a161ec10_0;
    %load/vec4 v0x7fd6a161e3a0_0;
    %or;
    %store/vec4 v0x7fd6a161efb0_0, 0, 32;
    %jmp T_0.4;
T_0.2 ;
    %load/vec4 v0x7fd6a1605cc0_0;
    %pad/u 32;
    %store/vec4 v0x7fd6a161efb0_0, 0, 32;
    %jmp T_0.4;
T_0.3 ;
    %pushi/vec4 0, 0, 31;
    %load/vec4 v0x7fd6a1605cc0_0;
    %parti/s 1, 31, 6;
    %concat/vec4; draw_concat_vec4
    %store/vec4 v0x7fd6a161efb0_0, 0, 32;
    %jmp T_0.4;
T_0.4 ;
    %pop/vec4 1;
    %jmp T_0;
    .thread T_0, $push;
    .scope S_0x7fd6a160c530;
T_1 ;
    %vpi_call 2 10 "$dumpfile", "dump.vcd" {0 0 0};
    %vpi_call 2 11 "$dumpvars", 32'sb00000000000000000000000000000000, S_0x7fd6a160c530 {0 0 0};
    %end;
    .thread T_1;
    .scope S_0x7fd6a160c530;
T_2 ;
    %delay 64, 0;
    %vpi_call 2 13 "$finish" {0 0 0};
    %end;
    .thread T_2;
    .scope S_0x7fd6a160c530;
T_3 ;
    %pushi/vec4 7, 0, 3;
    %store/vec4 v0x7fd6a161f280_0, 0, 3;
    %end;
    .thread T_3;
    .scope S_0x7fd6a160c530;
T_4 ;
    %pushi/vec4 8, 0, 32;
    %store/vec4 v0x7fd6a161f160_0, 0, 32;
    %end;
    .thread T_4;
    .scope S_0x7fd6a160c530;
T_5 ;
    %pushi/vec4 16, 0, 32;
    %store/vec4 v0x7fd6a161f1f0_0, 0, 32;
    %end;
    .thread T_5;
# The file index is used to find the file name in the following table.
:file_names 4;
    "N/A";
    "<interactive>";
    "test_alu4.v";
    "alu4.v";
