#! /usr/local/Cellar/icarus-verilog/10.3/bin/vvp
:ivl_version "10.3 (stable)" "(v10_3)";
:ivl_delay_selection "TYPICAL";
:vpi_time_precision + 0;
:vpi_module "system";
:vpi_module "vhdl_sys";
:vpi_module "v2005_math";
:vpi_module "va_math";
S_0x7ff76c402350 .scope module, "ex4_36" "ex4_36" 2 1;
 .timescale 0 0;
    .port_info 0 /INPUT 1 "clk"
    .port_info 1 /INPUT 1 "rst"
    .port_info 2 /INPUT 1 "one"
    .port_info 3 /INPUT 1 "two"
    .port_info 4 /INPUT 1 "five"
    .port_info 5 /OUTPUT 1 "pour"
    .port_info 6 /OUTPUT 1 "ret1"
    .port_info 7 /OUTPUT 1 "ret2"
    .port_info 8 /OUTPUT 1 "ret22"
P_0x7ff76c4123e0 .param/l "POUR" 1 2 13, +C4<00000000000000000000000000000101>;
P_0x7ff76c412420 .param/l "POUR_R1" 1 2 14, +C4<00000000000000000000000000000110>;
P_0x7ff76c412460 .param/l "POUR_R1_R2" 1 2 17, +C4<00000000000000000000000000001001>;
P_0x7ff76c4124a0 .param/l "POUR_R2" 1 2 15, +C4<00000000000000000000000000000111>;
P_0x7ff76c4124e0 .param/l "POUR_R22" 1 2 16, +C4<00000000000000000000000000001000>;
P_0x7ff76c412520 .param/l "S0" 1 2 8, +C4<00000000000000000000000000000000>;
P_0x7ff76c412560 .param/l "S1" 1 2 9, +C4<00000000000000000000000000000001>;
P_0x7ff76c4125a0 .param/l "S2" 1 2 10, +C4<00000000000000000000000000000010>;
P_0x7ff76c4125e0 .param/l "S3" 1 2 11, +C4<00000000000000000000000000000011>;
P_0x7ff76c412620 .param/l "S4" 1 2 12, +C4<00000000000000000000000000000100>;
L_0x7ff76c4243c0 .functor OR 1, L_0x7ff76c423ff0, L_0x7ff76c4242a0, C4<0>, C4<0>;
L_0x7ff76c4249c0 .functor OR 1, L_0x7ff76c424610, L_0x7ff76c4248a0, C4<0>, C4<0>;
v0x7ff76c410b00_0 .net *"_s0", 31 0, L_0x7ff76c423c90;  1 drivers
L_0x10c0b5098 .functor BUFT 1, C4<0000000000000000000000000000>, C4<0>, C4<0>, C4<0>;
v0x7ff76c422400_0 .net *"_s11", 27 0, L_0x10c0b5098;  1 drivers
L_0x10c0b50e0 .functor BUFT 1, C4<00000000000000000000000000000110>, C4<0>, C4<0>, C4<0>;
v0x7ff76c4224b0_0 .net/2u *"_s12", 31 0, L_0x10c0b50e0;  1 drivers
v0x7ff76c422570_0 .net *"_s14", 0 0, L_0x7ff76c423ff0;  1 drivers
v0x7ff76c422610_0 .net *"_s16", 31 0, L_0x7ff76c424130;  1 drivers
L_0x10c0b5128 .functor BUFT 1, C4<0000000000000000000000000000>, C4<0>, C4<0>, C4<0>;
v0x7ff76c422700_0 .net *"_s19", 27 0, L_0x10c0b5128;  1 drivers
L_0x10c0b5170 .functor BUFT 1, C4<00000000000000000000000000001001>, C4<0>, C4<0>, C4<0>;
v0x7ff76c4227b0_0 .net/2u *"_s20", 31 0, L_0x10c0b5170;  1 drivers
v0x7ff76c422860_0 .net *"_s22", 0 0, L_0x7ff76c4242a0;  1 drivers
v0x7ff76c422900_0 .net *"_s26", 31 0, L_0x7ff76c4244b0;  1 drivers
L_0x10c0b51b8 .functor BUFT 1, C4<0000000000000000000000000000>, C4<0>, C4<0>, C4<0>;
v0x7ff76c422a10_0 .net *"_s29", 27 0, L_0x10c0b51b8;  1 drivers
L_0x10c0b5008 .functor BUFT 1, C4<0000000000000000000000000000>, C4<0>, C4<0>, C4<0>;
v0x7ff76c422ac0_0 .net *"_s3", 27 0, L_0x10c0b5008;  1 drivers
L_0x10c0b5200 .functor BUFT 1, C4<00000000000000000000000000000111>, C4<0>, C4<0>, C4<0>;
v0x7ff76c422b70_0 .net/2u *"_s30", 31 0, L_0x10c0b5200;  1 drivers
v0x7ff76c422c20_0 .net *"_s32", 0 0, L_0x7ff76c424610;  1 drivers
v0x7ff76c422cc0_0 .net *"_s34", 31 0, L_0x7ff76c424730;  1 drivers
L_0x10c0b5248 .functor BUFT 1, C4<0000000000000000000000000000>, C4<0>, C4<0>, C4<0>;
v0x7ff76c422d70_0 .net *"_s37", 27 0, L_0x10c0b5248;  1 drivers
L_0x10c0b5290 .functor BUFT 1, C4<00000000000000000000000000001001>, C4<0>, C4<0>, C4<0>;
v0x7ff76c422e20_0 .net/2u *"_s38", 31 0, L_0x10c0b5290;  1 drivers
L_0x10c0b5050 .functor BUFT 1, C4<00000000000000000000000000000101>, C4<0>, C4<0>, C4<0>;
v0x7ff76c422ed0_0 .net/2u *"_s4", 31 0, L_0x10c0b5050;  1 drivers
v0x7ff76c423060_0 .net *"_s40", 0 0, L_0x7ff76c4248a0;  1 drivers
v0x7ff76c4230f0_0 .net *"_s44", 31 0, L_0x7ff76c424ab0;  1 drivers
L_0x10c0b52d8 .functor BUFT 1, C4<0000000000000000000000000000>, C4<0>, C4<0>, C4<0>;
v0x7ff76c423190_0 .net *"_s47", 27 0, L_0x10c0b52d8;  1 drivers
L_0x10c0b5320 .functor BUFT 1, C4<00000000000000000000000000001000>, C4<0>, C4<0>, C4<0>;
v0x7ff76c423240_0 .net/2u *"_s48", 31 0, L_0x10c0b5320;  1 drivers
v0x7ff76c4232f0_0 .net *"_s8", 31 0, L_0x7ff76c423e90;  1 drivers
o0x10c084428 .functor BUFZ 1, C4<z>; HiZ drive
v0x7ff76c4233a0_0 .net "clk", 0 0, o0x10c084428;  0 drivers
o0x10c084458 .functor BUFZ 1, C4<z>; HiZ drive
v0x7ff76c423440_0 .net "five", 0 0, o0x10c084458;  0 drivers
v0x7ff76c4234e0_0 .var "nextstate", 3 0;
o0x10c0844b8 .functor BUFZ 1, C4<z>; HiZ drive
v0x7ff76c423590_0 .net "one", 0 0, o0x10c0844b8;  0 drivers
v0x7ff76c423630_0 .net "pour", 0 0, L_0x7ff76c423d70;  1 drivers
v0x7ff76c4236d0_0 .net "ret1", 0 0, L_0x7ff76c4243c0;  1 drivers
v0x7ff76c423770_0 .net "ret2", 0 0, L_0x7ff76c4249c0;  1 drivers
v0x7ff76c423810_0 .net "ret22", 0 0, L_0x7ff76c424bf0;  1 drivers
o0x10c0845a8 .functor BUFZ 1, C4<z>; HiZ drive
v0x7ff76c4238b0_0 .net "rst", 0 0, o0x10c0845a8;  0 drivers
v0x7ff76c423950_0 .var "state", 3 0;
o0x10c084608 .functor BUFZ 1, C4<z>; HiZ drive
v0x7ff76c423a00_0 .net "two", 0 0, o0x10c084608;  0 drivers
E_0x7ff76c40f7c0 .event edge, v0x7ff76c423950_0, v0x7ff76c423590_0, v0x7ff76c423a00_0, v0x7ff76c423440_0;
E_0x7ff76c40e980 .event posedge, v0x7ff76c4238b0_0, v0x7ff76c4233a0_0;
L_0x7ff76c423c90 .concat [ 4 28 0 0], v0x7ff76c423950_0, L_0x10c0b5008;
L_0x7ff76c423d70 .cmp/ge 32, L_0x7ff76c423c90, L_0x10c0b5050;
L_0x7ff76c423e90 .concat [ 4 28 0 0], v0x7ff76c423950_0, L_0x10c0b5098;
L_0x7ff76c423ff0 .cmp/eq 32, L_0x7ff76c423e90, L_0x10c0b50e0;
L_0x7ff76c424130 .concat [ 4 28 0 0], v0x7ff76c423950_0, L_0x10c0b5128;
L_0x7ff76c4242a0 .cmp/eq 32, L_0x7ff76c424130, L_0x10c0b5170;
L_0x7ff76c4244b0 .concat [ 4 28 0 0], v0x7ff76c423950_0, L_0x10c0b51b8;
L_0x7ff76c424610 .cmp/eq 32, L_0x7ff76c4244b0, L_0x10c0b5200;
L_0x7ff76c424730 .concat [ 4 28 0 0], v0x7ff76c423950_0, L_0x10c0b5248;
L_0x7ff76c4248a0 .cmp/eq 32, L_0x7ff76c424730, L_0x10c0b5290;
L_0x7ff76c424ab0 .concat [ 4 28 0 0], v0x7ff76c423950_0, L_0x10c0b52d8;
L_0x7ff76c424bf0 .cmp/eq 32, L_0x7ff76c424ab0, L_0x10c0b5320;
    .scope S_0x7ff76c402350;
T_0 ;
    %wait E_0x7ff76c40e980;
    %load/vec4 v0x7ff76c4238b0_0;
    %flag_set/vec4 8;
    %jmp/0xz  T_0.0, 8;
    %pushi/vec4 0, 0, 4;
    %assign/vec4 v0x7ff76c423950_0, 0;
    %jmp T_0.1;
T_0.0 ;
    %load/vec4 v0x7ff76c4234e0_0;
    %assign/vec4 v0x7ff76c423950_0, 0;
T_0.1 ;
    %jmp T_0;
    .thread T_0;
    .scope S_0x7ff76c402350;
T_1 ;
    %wait E_0x7ff76c40f7c0;
    %load/vec4 v0x7ff76c423950_0;
    %dup/vec4;
    %pushi/vec4 0, 0, 4;
    %cmp/u;
    %jmp/1 T_1.0, 6;
    %dup/vec4;
    %pushi/vec4 1, 0, 4;
    %cmp/u;
    %jmp/1 T_1.1, 6;
    %dup/vec4;
    %pushi/vec4 2, 0, 4;
    %cmp/u;
    %jmp/1 T_1.2, 6;
    %dup/vec4;
    %pushi/vec4 3, 0, 4;
    %cmp/u;
    %jmp/1 T_1.3, 6;
    %dup/vec4;
    %pushi/vec4 4, 0, 4;
    %cmp/u;
    %jmp/1 T_1.4, 6;
    %dup/vec4;
    %pushi/vec4 5, 0, 4;
    %cmp/u;
    %jmp/1 T_1.5, 6;
    %dup/vec4;
    %pushi/vec4 6, 0, 4;
    %cmp/u;
    %jmp/1 T_1.6, 6;
    %dup/vec4;
    %pushi/vec4 9, 0, 4;
    %cmp/u;
    %jmp/1 T_1.7, 6;
    %dup/vec4;
    %pushi/vec4 7, 0, 4;
    %cmp/u;
    %jmp/1 T_1.8, 6;
    %dup/vec4;
    %pushi/vec4 8, 0, 4;
    %cmp/u;
    %jmp/1 T_1.9, 6;
    %pushi/vec4 0, 0, 4;
    %store/vec4 v0x7ff76c4234e0_0, 0, 4;
    %jmp T_1.11;
T_1.0 ;
    %load/vec4 v0x7ff76c423590_0;
    %flag_set/vec4 8;
    %jmp/0xz  T_1.12, 8;
    %pushi/vec4 1, 0, 4;
    %store/vec4 v0x7ff76c4234e0_0, 0, 4;
    %jmp T_1.13;
T_1.12 ;
    %load/vec4 v0x7ff76c423a00_0;
    %flag_set/vec4 8;
    %jmp/0xz  T_1.14, 8;
    %pushi/vec4 2, 0, 4;
    %store/vec4 v0x7ff76c4234e0_0, 0, 4;
    %jmp T_1.15;
T_1.14 ;
    %load/vec4 v0x7ff76c423440_0;
    %flag_set/vec4 8;
    %jmp/0xz  T_1.16, 8;
    %pushi/vec4 5, 0, 4;
    %store/vec4 v0x7ff76c4234e0_0, 0, 4;
T_1.16 ;
T_1.15 ;
T_1.13 ;
    %jmp T_1.11;
T_1.1 ;
    %load/vec4 v0x7ff76c423590_0;
    %flag_set/vec4 8;
    %jmp/0xz  T_1.18, 8;
    %pushi/vec4 2, 0, 4;
    %store/vec4 v0x7ff76c4234e0_0, 0, 4;
    %jmp T_1.19;
T_1.18 ;
    %load/vec4 v0x7ff76c423a00_0;
    %flag_set/vec4 8;
    %jmp/0xz  T_1.20, 8;
    %pushi/vec4 3, 0, 4;
    %store/vec4 v0x7ff76c4234e0_0, 0, 4;
    %jmp T_1.21;
T_1.20 ;
    %load/vec4 v0x7ff76c423440_0;
    %flag_set/vec4 8;
    %jmp/0xz  T_1.22, 8;
    %pushi/vec4 6, 0, 4;
    %store/vec4 v0x7ff76c4234e0_0, 0, 4;
T_1.22 ;
T_1.21 ;
T_1.19 ;
    %jmp T_1.11;
T_1.2 ;
    %load/vec4 v0x7ff76c423590_0;
    %flag_set/vec4 8;
    %jmp/0xz  T_1.24, 8;
    %pushi/vec4 3, 0, 4;
    %store/vec4 v0x7ff76c4234e0_0, 0, 4;
    %jmp T_1.25;
T_1.24 ;
    %load/vec4 v0x7ff76c423a00_0;
    %flag_set/vec4 8;
    %jmp/0xz  T_1.26, 8;
    %pushi/vec4 4, 0, 4;
    %store/vec4 v0x7ff76c4234e0_0, 0, 4;
    %jmp T_1.27;
T_1.26 ;
    %load/vec4 v0x7ff76c423440_0;
    %flag_set/vec4 8;
    %jmp/0xz  T_1.28, 8;
    %pushi/vec4 7, 0, 4;
    %store/vec4 v0x7ff76c4234e0_0, 0, 4;
T_1.28 ;
T_1.27 ;
T_1.25 ;
    %jmp T_1.11;
T_1.3 ;
    %load/vec4 v0x7ff76c423590_0;
    %flag_set/vec4 8;
    %jmp/0xz  T_1.30, 8;
    %pushi/vec4 4, 0, 4;
    %store/vec4 v0x7ff76c4234e0_0, 0, 4;
    %jmp T_1.31;
T_1.30 ;
    %load/vec4 v0x7ff76c423a00_0;
    %flag_set/vec4 8;
    %jmp/0xz  T_1.32, 8;
    %pushi/vec4 5, 0, 4;
    %store/vec4 v0x7ff76c4234e0_0, 0, 4;
    %jmp T_1.33;
T_1.32 ;
    %load/vec4 v0x7ff76c423440_0;
    %flag_set/vec4 8;
    %jmp/0xz  T_1.34, 8;
    %pushi/vec4 9, 0, 4;
    %store/vec4 v0x7ff76c4234e0_0, 0, 4;
T_1.34 ;
T_1.33 ;
T_1.31 ;
    %jmp T_1.11;
T_1.4 ;
    %load/vec4 v0x7ff76c423590_0;
    %flag_set/vec4 8;
    %jmp/0xz  T_1.36, 8;
    %pushi/vec4 5, 0, 4;
    %store/vec4 v0x7ff76c4234e0_0, 0, 4;
    %jmp T_1.37;
T_1.36 ;
    %load/vec4 v0x7ff76c423a00_0;
    %flag_set/vec4 8;
    %jmp/0xz  T_1.38, 8;
    %pushi/vec4 6, 0, 4;
    %store/vec4 v0x7ff76c4234e0_0, 0, 4;
    %jmp T_1.39;
T_1.38 ;
    %load/vec4 v0x7ff76c423440_0;
    %flag_set/vec4 8;
    %jmp/0xz  T_1.40, 8;
    %pushi/vec4 8, 0, 4;
    %store/vec4 v0x7ff76c4234e0_0, 0, 4;
T_1.40 ;
T_1.39 ;
T_1.37 ;
    %jmp T_1.11;
T_1.5 ;
    %pushi/vec4 0, 0, 4;
    %store/vec4 v0x7ff76c4234e0_0, 0, 4;
    %jmp T_1.11;
T_1.6 ;
    %pushi/vec4 0, 0, 4;
    %store/vec4 v0x7ff76c4234e0_0, 0, 4;
    %jmp T_1.11;
T_1.7 ;
    %pushi/vec4 0, 0, 4;
    %store/vec4 v0x7ff76c4234e0_0, 0, 4;
    %jmp T_1.11;
T_1.8 ;
    %pushi/vec4 0, 0, 4;
    %store/vec4 v0x7ff76c4234e0_0, 0, 4;
    %jmp T_1.11;
T_1.9 ;
    %pushi/vec4 0, 0, 4;
    %store/vec4 v0x7ff76c4234e0_0, 0, 4;
    %jmp T_1.11;
T_1.11 ;
    %pop/vec4 1;
    %jmp T_1;
    .thread T_1, $push;
# The file index is used to find the file name in the following table.
:file_names 3;
    "N/A";
    "<interactive>";
    "ex4_36.v";
