#! /usr/local/Cellar/icarus-verilog/10.3/bin/vvp
:ivl_version "10.3 (stable)" "(v10_3)";
:ivl_delay_selection "TYPICAL";
:vpi_time_precision + 0;
:vpi_module "system";
:vpi_module "vhdl_sys";
:vpi_module "v2005_math";
:vpi_module "va_math";
S_0x7fc326600520 .scope module, "func" "func" 2 1;
 .timescale 0 0;
    .port_info 0 /INPUT 1 "a"
    .port_info 1 /INPUT 1 "b"
    .port_info 2 /INPUT 1 "c"
    .port_info 3 /OUTPUT 1 "y"
o0x10e660038 .functor BUFZ 1, C4<z>; HiZ drive
L_0x7fc326615f50 .functor NOT 1, o0x10e660038, C4<0>, C4<0>, C4<0>;
L_0x7fc326616020 .functor NOT 1, o0x10e660038, C4<0>, C4<0>, C4<0>;
L_0x7fc326616090 .functor NOT 1, o0x10e660038, C4<0>, C4<0>, C4<0>;
o0x10e660248 .functor BUFZ 1, C4<z>; HiZ drive
v0x7fc326615ba0_0 .net "a", 0 0, o0x10e660248;  0 drivers
v0x7fc326615c30_0 .net "b", 0 0, o0x10e660038;  0 drivers
o0x10e660278 .functor BUFZ 1, C4<z>; HiZ drive
v0x7fc326615cd0_0 .net "c", 0 0, o0x10e660278;  0 drivers
v0x7fc326615d80_0 .net "y", 0 0, v0x7fc326615a70_0;  1 drivers
L_0x7fc326615e50 .concat [ 1 1 0 0], o0x10e660278, o0x10e660248;
S_0x7fc326601e80 .scope module, "mux4_1" "mux4" 2 5, 3 1 0, S_0x7fc326600520;
 .timescale 0 0;
    .port_info 0 /INPUT 2 "s"
    .port_info 1 /INPUT 1 "d0"
    .port_info 2 /INPUT 1 "d1"
    .port_info 3 /INPUT 1 "d2"
    .port_info 4 /INPUT 1 "d3"
    .port_info 5 /OUTPUT 1 "y"
v0x7fc326605380_0 .net "d0", 0 0, L_0x7fc326615f50;  1 drivers
v0x7fc3266157b0_0 .net "d1", 0 0, o0x10e660038;  alias, 0 drivers
v0x7fc326615850_0 .net "d2", 0 0, L_0x7fc326616020;  1 drivers
v0x7fc3266158e0_0 .net "d3", 0 0, L_0x7fc326616090;  1 drivers
v0x7fc326615980_0 .net "s", 1 0, L_0x7fc326615e50;  1 drivers
v0x7fc326615a70_0 .var "y", 0 0;
E_0x7fc326605830/0 .event edge, v0x7fc326615980_0, v0x7fc326605380_0, v0x7fc3266157b0_0, v0x7fc326615850_0;
E_0x7fc326605830/1 .event edge, v0x7fc3266158e0_0;
E_0x7fc326605830 .event/or E_0x7fc326605830/0, E_0x7fc326605830/1;
    .scope S_0x7fc326601e80;
T_0 ;
    %wait E_0x7fc326605830;
    %load/vec4 v0x7fc326615980_0;
    %dup/vec4;
    %pushi/vec4 0, 0, 2;
    %cmp/u;
    %jmp/1 T_0.0, 6;
    %dup/vec4;
    %pushi/vec4 1, 0, 2;
    %cmp/u;
    %jmp/1 T_0.1, 6;
    %dup/vec4;
    %pushi/vec4 2, 0, 2;
    %cmp/u;
    %jmp/1 T_0.2, 6;
    %dup/vec4;
    %pushi/vec4 3, 0, 2;
    %cmp/u;
    %jmp/1 T_0.3, 6;
    %jmp T_0.4;
T_0.0 ;
    %load/vec4 v0x7fc326605380_0;
    %store/vec4 v0x7fc326615a70_0, 0, 1;
    %jmp T_0.4;
T_0.1 ;
    %load/vec4 v0x7fc3266157b0_0;
    %store/vec4 v0x7fc326615a70_0, 0, 1;
    %jmp T_0.4;
T_0.2 ;
    %load/vec4 v0x7fc326615850_0;
    %store/vec4 v0x7fc326615a70_0, 0, 1;
    %jmp T_0.4;
T_0.3 ;
    %load/vec4 v0x7fc3266158e0_0;
    %store/vec4 v0x7fc326615a70_0, 0, 1;
    %jmp T_0.4;
T_0.4 ;
    %pop/vec4 1;
    %jmp T_0;
    .thread T_0, $push;
# The file index is used to find the file name in the following table.
:file_names 4;
    "N/A";
    "<interactive>";
    "func.v";
    "mux4.v";
