#! /usr/local/bin/vvp
:ivl_version "11.0 (devel)" "(s20150603-833-g3f49dfcd)";
:ivl_delay_selection "TYPICAL";
:vpi_time_precision + 0;
:vpi_module "/usr/local/lib/ivl/system.vpi";
:vpi_module "/usr/local/lib/ivl/vhdl_sys.vpi";
:vpi_module "/usr/local/lib/ivl/vhdl_textio.vpi";
:vpi_module "/usr/local/lib/ivl/v2005_math.vpi";
:vpi_module "/usr/local/lib/ivl/va_math.vpi";
:vpi_module "/usr/local/lib/ivl/v2009.vpi";
S_0x7f94235034b0 .scope package, "$unit" "$unit" 2 1;
 .timescale 0 0;
S_0x7f9423509630 .scope module, "fsm" "fsm" 3 1;
 .timescale 0 0;
    .port_info 0 /INPUT 1 "clk";
    .port_info 1 /INPUT 1 "rst";
    .port_info 2 /INPUT 1 "i";
    .port_info 3 /OUTPUT 1 "x";
    .port_info 4 /OUTPUT 1 "y";
enum0x7f9423506d10 .enum4 (2)
   "A" 2'b00,
   "B" 2'b01,
   "C" 2'b10
 ;
o0x10b908008 .functor BUFZ 1, C4<z>; HiZ drive
v0x7f94235040b0_0 .net/2u "clk", 0 0, o0x10b908008;  0 drivers
o0x10b908038 .functor BUFZ 1, C4<z>; HiZ drive
v0x7f9423519450_0 .net/2u "i", 0 0, o0x10b908038;  0 drivers
v0x7f94235194f0_0 .var "nextstate", 1 0;
o0x10b908098 .functor BUFZ 1, C4<z>; HiZ drive
v0x7f9423519590_0 .net/2u "rst", 0 0, o0x10b908098;  0 drivers
v0x7f9423519630_0 .var "state", 1 0;
v0x7f9423519720_0 .var/2u "x", 0 0;
v0x7f94235197c0_0 .var/2u "y", 0 0;
E_0x7f94235045f0 .event edge, v0x7f9423519630_0, v0x7f9423519450_0;
E_0x7f9423504530 .event posedge, v0x7f9423519590_0, v0x7f94235040b0_0;
    .scope S_0x7f9423509630;
T_0 ;
    %wait E_0x7f9423504530;
    %load/vec4 v0x7f9423519590_0;
    %flag_set/vec4 8;
    %jmp/0xz  T_0.0, 8;
    %pushi/vec4 0, 0, 2;
    %assign/vec4 v0x7f9423519630_0, 0;
    %jmp T_0.1;
T_0.0 ;
    %load/vec4 v0x7f94235194f0_0;
    %assign/vec4 v0x7f9423519630_0, 0;
T_0.1 ;
    %jmp T_0;
    .thread T_0;
    .scope S_0x7f9423509630;
T_1 ;
Ewait_0 .event/or E_0x7f94235045f0, E_0x0;
    %wait Ewait_0;
    %load/vec4 v0x7f9423519630_0;
    %dup/vec4;
    %pushi/vec4 0, 0, 2;
    %cmp/u;
    %jmp/1 T_1.0, 6;
    %dup/vec4;
    %pushi/vec4 1, 0, 2;
    %cmp/u;
    %jmp/1 T_1.1, 6;
    %dup/vec4;
    %pushi/vec4 2, 0, 2;
    %cmp/u;
    %jmp/1 T_1.2, 6;
    %vpi_call/w 3 12 "$warning", "value is unhandled for priority or unique case statement" {0 0 0};
    %jmp T_1.3;
T_1.0 ;
    %load/vec4 v0x7f9423519450_0;
    %flag_set/vec4 8;
    %jmp/0 T_1.4, 8;
    %pushi/vec4 2, 0, 2;
    %jmp/1 T_1.5, 8;
T_1.4 ; End of true expr.
    %pushi/vec4 1, 0, 2;
    %jmp/0 T_1.5, 8;
 ; End of false expr.
    %blend;
T_1.5;
    %store/vec4 v0x7f94235194f0_0, 0, 2;
    %jmp T_1.3;
T_1.1 ;
    %load/vec4 v0x7f9423519450_0;
    %flag_set/vec4 8;
    %jmp/0 T_1.6, 8;
    %pushi/vec4 2, 0, 2;
    %jmp/1 T_1.7, 8;
T_1.6 ; End of true expr.
    %pushi/vec4 1, 0, 2;
    %jmp/0 T_1.7, 8;
 ; End of false expr.
    %blend;
T_1.7;
    %store/vec4 v0x7f94235194f0_0, 0, 2;
    %jmp T_1.3;
T_1.2 ;
    %load/vec4 v0x7f9423519450_0;
    %flag_set/vec4 8;
    %jmp/0 T_1.8, 8;
    %pushi/vec4 2, 0, 2;
    %jmp/1 T_1.9, 8;
T_1.8 ; End of true expr.
    %pushi/vec4 0, 0, 2;
    %jmp/0 T_1.9, 8;
 ; End of false expr.
    %blend;
T_1.9;
    %store/vec4 v0x7f94235194f0_0, 0, 2;
    %jmp T_1.3;
T_1.3 ;
    %pop/vec4 1;
    %jmp T_1;
    .thread T_1, $push;
    .scope S_0x7f9423509630;
T_2 ;
Ewait_1 .event/or E_0x7f94235045f0, E_0x0;
    %wait Ewait_1;
    %load/vec4 v0x7f9423519630_0;
    %dup/vec4;
    %pushi/vec4 0, 0, 2;
    %cmp/u;
    %jmp/1 T_2.0, 6;
    %dup/vec4;
    %pushi/vec4 1, 0, 2;
    %cmp/u;
    %jmp/1 T_2.1, 6;
    %dup/vec4;
    %pushi/vec4 2, 0, 2;
    %cmp/u;
    %jmp/1 T_2.2, 6;
    %vpi_call/w 3 19 "$warning", "value is unhandled for priority or unique case statement" {0 0 0};
    %jmp T_2.3;
T_2.0 ;
    %load/vec4 v0x7f9423519450_0;
    %concati/vec4 1, 0, 1;
    %cast2;
    %split/vec4 1;
    %store/vec4 v0x7f94235197c0_0, 0, 1;
    %store/vec4 v0x7f9423519720_0, 0, 1;
    %jmp T_2.3;
T_2.1 ;
    %pushi/vec4 2, 0, 2;
    %split/vec4 1;
    %store/vec4 v0x7f94235197c0_0, 0, 1;
    %store/vec4 v0x7f9423519720_0, 0, 1;
    %jmp T_2.3;
T_2.2 ;
    %load/vec4 v0x7f9423519450_0;
    %inv;
    %load/vec4 v0x7f9423519450_0;
    %concat/vec4; draw_concat_vec4
    %cast2;
    %split/vec4 1;
    %store/vec4 v0x7f94235197c0_0, 0, 1;
    %store/vec4 v0x7f9423519720_0, 0, 1;
    %jmp T_2.3;
T_2.3 ;
    %pop/vec4 1;
    %jmp T_2;
    .thread T_2, $push;
# The file index is used to find the file name in the following table.
:file_names 4;
    "N/A";
    "<interactive>";
    "-";
    "e3x4.sv";
