#! /usr/local/bin/vvp
:ivl_version "11.0 (devel)" "(s20150603-833-g3f49dfcd)";
:ivl_delay_selection "TYPICAL";
:vpi_time_precision + 0;
:vpi_module "/usr/local/lib/ivl/system.vpi";
:vpi_module "/usr/local/lib/ivl/vhdl_sys.vpi";
:vpi_module "/usr/local/lib/ivl/vhdl_textio.vpi";
:vpi_module "/usr/local/lib/ivl/v2005_math.vpi";
:vpi_module "/usr/local/lib/ivl/va_math.vpi";
:vpi_module "/usr/local/lib/ivl/v2009.vpi";
S_0x7ff1027002c0 .scope package, "$unit" "$unit" 2 1;
 .timescale 0 0;
S_0x7ff102700430 .scope module, "maxInFlow" "maxInFlow" 3 2;
 .timescale 0 0;
    .port_info 0 /INPUT 1 "clk";
    .port_info 1 /INPUT 1 "rst";
    .port_info 2 /INPUT 1 "start";
    .port_info 3 /INPUT 8 "in";
    .port_info 4 /OUTPUT 1 "done";
    .port_info 5 /OUTPUT 8 "max";
enum0x7ff1026051b0 .enum4 (1)
   "WAIT" 1'b0,
   "WORK" 1'b1
 ;
L_0x10582b008 .functor BUFT 1, C4<1>, C4<0>, C4<0>, C4<0>;
L_0x7ff102710f50 .functor XNOR 1, v0x7ff102710e10_0, L_0x10582b008, C4<0>, C4<0>;
o0x1057fa218 .functor BUFZ 1, C4<z>; HiZ drive
L_0x7ff102711020 .functor NOT 1, o0x1057fa218, C4<0>, C4<0>, C4<0>;
L_0x7ff1027110b0 .functor AND 1, L_0x7ff102710f50, L_0x7ff102711020, C4<1>, C4<1>;
L_0x7ff1027111e0 .functor BUFZ 1, o0x1057fa218, C4<0>, C4<0>, C4<0>;
L_0x7ff102711290 .functor BUFZ 1, L_0x7ff1027110b0, C4<0>, C4<0>, C4<0>;
L_0x7ff102711370 .functor BUFZ 8, v0x7ff102710c20_0, C4<00000000>, C4<00000000>, C4<00000000>;
v0x7ff1027005a0_0 .net/2u *"_ivl_0", 0 0, L_0x10582b008;  1 drivers
v0x7ff102710660_0 .net *"_ivl_2", 0 0, L_0x7ff102710f50;  1 drivers
v0x7ff102710700_0 .net *"_ivl_4", 0 0, L_0x7ff102711020;  1 drivers
v0x7ff1027107a0_0 .net "clear", 0 0, L_0x7ff102711290;  1 drivers
o0x1057fa0c8 .functor BUFZ 1, C4<z>; HiZ drive
v0x7ff102710840_0 .net "clk", 0 0, o0x1057fa0c8;  0 drivers
v0x7ff102710920_0 .net "done", 0 0, L_0x7ff1027110b0;  1 drivers
v0x7ff1027109c0_0 .net "enable", 0 0, L_0x7ff1027111e0;  1 drivers
o0x1057fa158 .functor BUFZ 8, C4<zzzzzzzz>; HiZ drive
v0x7ff102710a60_0 .net "in", 7 0, o0x1057fa158;  0 drivers
v0x7ff102710b10_0 .net "max", 7 0, L_0x7ff102711370;  1 drivers
v0x7ff102710c20_0 .var "maxReg", 7 0;
o0x1057fa1e8 .functor BUFZ 1, C4<z>; HiZ drive
v0x7ff102710cd0_0 .net "rst", 0 0, o0x1057fa1e8;  0 drivers
v0x7ff102710d70_0 .net "start", 0 0, o0x1057fa218;  0 drivers
v0x7ff102710e10_0 .var "state", 0 0;
E_0x7ff102700290 .event posedge, v0x7ff102710cd0_0, v0x7ff102710840_0;
    .scope S_0x7ff102700430;
T_0 ;
    %wait E_0x7ff102700290;
    %load/vec4 v0x7ff102710cd0_0;
    %flag_set/vec4 8;
    %jmp/0xz  T_0.0, 8;
    %pushi/vec4 0, 0, 1;
    %assign/vec4 v0x7ff102710e10_0, 0;
    %jmp T_0.1;
T_0.0 ;
    %load/vec4 v0x7ff102710d70_0;
    %flag_set/vec4 8;
    %jmp/0 T_0.2, 8;
    %pushi/vec4 1, 0, 1;
    %jmp/1 T_0.3, 8;
T_0.2 ; End of true expr.
    %pushi/vec4 0, 0, 1;
    %jmp/0 T_0.3, 8;
 ; End of false expr.
    %blend;
T_0.3;
    %assign/vec4 v0x7ff102710e10_0, 0;
T_0.1 ;
    %jmp T_0;
    .thread T_0;
    .scope S_0x7ff102700430;
T_1 ;
    %wait E_0x7ff102700290;
    %load/vec4 v0x7ff102710cd0_0;
    %flag_set/vec4 8;
    %jmp/0xz  T_1.0, 8;
    %pushi/vec4 0, 0, 8;
    %assign/vec4 v0x7ff102710c20_0, 0;
    %jmp T_1.1;
T_1.0 ;
    %load/vec4 v0x7ff1027107a0_0;
    %flag_set/vec4 8;
    %jmp/0xz  T_1.2, 8;
    %pushi/vec4 0, 0, 8;
    %assign/vec4 v0x7ff102710c20_0, 0;
    %jmp T_1.3;
T_1.2 ;
    %load/vec4 v0x7ff1027109c0_0;
    %flag_set/vec4 8;
    %jmp/0xz  T_1.4, 8;
    %load/vec4 v0x7ff102710c20_0;
    %load/vec4 v0x7ff102710a60_0;
    %cmp/u;
    %flag_mov 8, 5;
    %jmp/0 T_1.6, 8;
    %load/vec4 v0x7ff102710a60_0;
    %jmp/1 T_1.7, 8;
T_1.6 ; End of true expr.
    %load/vec4 v0x7ff102710c20_0;
    %jmp/0 T_1.7, 8;
 ; End of false expr.
    %blend;
T_1.7;
    %assign/vec4 v0x7ff102710c20_0, 0;
T_1.4 ;
T_1.3 ;
T_1.1 ;
    %jmp T_1;
    .thread T_1;
# The file index is used to find the file name in the following table.
:file_names 4;
    "N/A";
    "<interactive>";
    "-";
    "e4x2.sv";
