#! /usr/local/Cellar/icarus-verilog/10.3/bin/vvp
:ivl_version "10.3 (stable)" "(v10_3)";
:ivl_delay_selection "TYPICAL";
:vpi_time_precision + 0;
:vpi_module "system";
:vpi_module "vhdl_sys";
:vpi_module "v2005_math";
:vpi_module "va_math";
S_0x7f8fa8d00040 .scope module, "test" "test" 2 1;
 .timescale 0 0;
v0x7f8fa8d13f10_0 .var "x", 0 0;
v0x7f8fa8d13fb0_0 .var "y", 0 0;
v0x7f8fa8d14060_0 .net "z", 0 0, L_0x7f8fa8d14130;  1 drivers
S_0x7f8fa8d03f20 .scope module, "testee" "sum" 2 4, 3 1 0, S_0x7f8fa8d00040;
 .timescale 0 0;
    .port_info 0 /INPUT 1 "x"
    .port_info 1 /INPUT 1 "y"
    .port_info 2 /OUTPUT 1 "z"
v0x7f8fa8d001f0_0 .net "x", 0 0, v0x7f8fa8d13f10_0;  1 drivers
v0x7f8fa8d13d70_0 .net "y", 0 0, v0x7f8fa8d13fb0_0;  1 drivers
v0x7f8fa8d13e10_0 .net "z", 0 0, L_0x7f8fa8d14130;  alias, 1 drivers
L_0x7f8fa8d14130 .arith/sum 1, v0x7f8fa8d13f10_0, v0x7f8fa8d13fb0_0;
    .scope S_0x7f8fa8d00040;
T_0 ;
    %vpi_call 2 6 "$dumpfile", "dump.vcd" {0 0 0};
    %vpi_call 2 7 "$dumpvars", 32'sb00000000000000000000000000000000, S_0x7f8fa8d00040 {0 0 0};
    %end;
    .thread T_0;
    .scope S_0x7f8fa8d00040;
T_1 ;
    %delay 5, 0;
    %vpi_call 2 10 "$finish" {0 0 0};
    %end;
    .thread T_1;
    .scope S_0x7f8fa8d00040;
T_2 ;
    %pushi/vec4 0, 0, 2;
    %split/vec4 1;
    %store/vec4 v0x7f8fa8d13fb0_0, 0, 1;
    %store/vec4 v0x7f8fa8d13f10_0, 0, 1;
    %end;
    .thread T_2;
    .scope S_0x7f8fa8d00040;
T_3 ;
    %delay 1, 0;
    %load/vec4 v0x7f8fa8d13f10_0;
    %load/vec4 v0x7f8fa8d13fb0_0;
    %concat/vec4;
    %pushi/vec4 1, 0, 2;
    %add;
    %split/vec4 1;
    %store/vec4 v0x7f8fa8d13fb0_0, 0, 1;
    %store/vec4 v0x7f8fa8d13f10_0, 0, 1;
    %jmp T_3;
    .thread T_3;
# The file index is used to find the file name in the following table.
:file_names 4;
    "N/A";
    "<interactive>";
    "sum_test.v";
    "sum.v";
