#! /usr/local/Cellar/icarus-verilog/10.3/bin/vvp
:ivl_version "10.3 (stable)" "(v10_3)";
:ivl_delay_selection "TYPICAL";
:vpi_time_precision + 0;
:vpi_module "system";
:vpi_module "vhdl_sys";
:vpi_module "v2005_math";
:vpi_module "va_math";
S_0x7fbe7bd06e10 .scope module, "func" "func" 2 1;
 .timescale 0 0;
    .port_info 0 /INPUT 1 "a"
    .port_info 1 /INPUT 1 "b"
    .port_info 2 /INPUT 1 "c"
    .port_info 3 /OUTPUT 1 "y"
o0x10a9233c8 .functor BUFZ 1, C4<z>; HiZ drive
v0x7fbe7bd17c40_0 .net "a", 0 0, o0x10a9233c8;  0 drivers
o0x10a9233f8 .functor BUFZ 1, C4<z>; HiZ drive
v0x7fbe7bd17cd0_0 .net "b", 0 0, o0x10a9233f8;  0 drivers
o0x10a923428 .functor BUFZ 1, C4<z>; HiZ drive
v0x7fbe7bd17d60_0 .net "c", 0 0, o0x10a923428;  0 drivers
v0x7fbe7bd17df0_0 .net "y", 0 0, v0x7fbe7bd17ab0_0;  1 drivers
L_0x7fbe7bd17eb0 .concat [ 1 1 1 0], o0x10a923428, o0x10a9233f8, o0x10a9233c8;
S_0x7fbe7bd02840 .scope module, "mux8_1" "mux8" 2 5, 3 1 0, S_0x7fbe7bd06e10;
 .timescale 0 0;
    .port_info 0 /INPUT 3 "s"
    .port_info 1 /INPUT 1 "d0"
    .port_info 2 /INPUT 1 "d1"
    .port_info 3 /INPUT 1 "d2"
    .port_info 4 /INPUT 1 "d3"
    .port_info 5 /INPUT 1 "d4"
    .port_info 6 /INPUT 1 "d5"
    .port_info 7 /INPUT 1 "d6"
    .port_info 8 /INPUT 1 "d7"
    .port_info 9 /OUTPUT 1 "y"
L_0x10a954008 .functor BUFT 1, C4<1>, C4<0>, C4<0>, C4<0>;
v0x7fbe7bd06c40_0 .net "d0", 0 0, L_0x10a954008;  1 drivers
L_0x10a954050 .functor BUFT 1, C4<0>, C4<0>, C4<0>, C4<0>;
v0x7fbe7bd17510_0 .net "d1", 0 0, L_0x10a954050;  1 drivers
L_0x10a954098 .functor BUFT 1, C4<0>, C4<0>, C4<0>, C4<0>;
v0x7fbe7bd175b0_0 .net "d2", 0 0, L_0x10a954098;  1 drivers
L_0x10a9540e0 .functor BUFT 1, C4<1>, C4<0>, C4<0>, C4<0>;
v0x7fbe7bd17640_0 .net "d3", 0 0, L_0x10a9540e0;  1 drivers
L_0x10a954128 .functor BUFT 1, C4<1>, C4<0>, C4<0>, C4<0>;
v0x7fbe7bd176e0_0 .net "d4", 0 0, L_0x10a954128;  1 drivers
L_0x10a954170 .functor BUFT 1, C4<1>, C4<0>, C4<0>, C4<0>;
v0x7fbe7bd177c0_0 .net "d5", 0 0, L_0x10a954170;  1 drivers
L_0x10a9541b8 .functor BUFT 1, C4<0>, C4<0>, C4<0>, C4<0>;
v0x7fbe7bd17860_0 .net "d6", 0 0, L_0x10a9541b8;  1 drivers
L_0x10a954200 .functor BUFT 1, C4<0>, C4<0>, C4<0>, C4<0>;
v0x7fbe7bd17900_0 .net "d7", 0 0, L_0x10a954200;  1 drivers
v0x7fbe7bd179a0_0 .net "s", 2 0, L_0x7fbe7bd17eb0;  1 drivers
v0x7fbe7bd17ab0_0 .var "y", 0 0;
E_0x7fbe7bd074b0/0 .event edge, v0x7fbe7bd179a0_0, v0x7fbe7bd06c40_0, v0x7fbe7bd17510_0, v0x7fbe7bd175b0_0;
E_0x7fbe7bd074b0/1 .event edge, v0x7fbe7bd17640_0, v0x7fbe7bd176e0_0, v0x7fbe7bd177c0_0, v0x7fbe7bd17860_0;
E_0x7fbe7bd074b0/2 .event edge, v0x7fbe7bd17900_0;
E_0x7fbe7bd074b0 .event/or E_0x7fbe7bd074b0/0, E_0x7fbe7bd074b0/1, E_0x7fbe7bd074b0/2;
    .scope S_0x7fbe7bd02840;
T_0 ;
    %wait E_0x7fbe7bd074b0;
    %load/vec4 v0x7fbe7bd179a0_0;
    %dup/vec4;
    %pushi/vec4 0, 0, 3;
    %cmp/u;
    %jmp/1 T_0.0, 6;
    %dup/vec4;
    %pushi/vec4 1, 0, 3;
    %cmp/u;
    %jmp/1 T_0.1, 6;
    %dup/vec4;
    %pushi/vec4 2, 0, 3;
    %cmp/u;
    %jmp/1 T_0.2, 6;
    %dup/vec4;
    %pushi/vec4 3, 0, 3;
    %cmp/u;
    %jmp/1 T_0.3, 6;
    %dup/vec4;
    %pushi/vec4 4, 0, 3;
    %cmp/u;
    %jmp/1 T_0.4, 6;
    %dup/vec4;
    %pushi/vec4 5, 0, 3;
    %cmp/u;
    %jmp/1 T_0.5, 6;
    %dup/vec4;
    %pushi/vec4 6, 0, 3;
    %cmp/u;
    %jmp/1 T_0.6, 6;
    %dup/vec4;
    %pushi/vec4 7, 0, 3;
    %cmp/u;
    %jmp/1 T_0.7, 6;
    %jmp T_0.8;
T_0.0 ;
    %load/vec4 v0x7fbe7bd06c40_0;
    %store/vec4 v0x7fbe7bd17ab0_0, 0, 1;
    %jmp T_0.8;
T_0.1 ;
    %load/vec4 v0x7fbe7bd17510_0;
    %store/vec4 v0x7fbe7bd17ab0_0, 0, 1;
    %jmp T_0.8;
T_0.2 ;
    %load/vec4 v0x7fbe7bd175b0_0;
    %store/vec4 v0x7fbe7bd17ab0_0, 0, 1;
    %jmp T_0.8;
T_0.3 ;
    %load/vec4 v0x7fbe7bd17640_0;
    %store/vec4 v0x7fbe7bd17ab0_0, 0, 1;
    %jmp T_0.8;
T_0.4 ;
    %load/vec4 v0x7fbe7bd176e0_0;
    %store/vec4 v0x7fbe7bd17ab0_0, 0, 1;
    %jmp T_0.8;
T_0.5 ;
    %load/vec4 v0x7fbe7bd177c0_0;
    %store/vec4 v0x7fbe7bd17ab0_0, 0, 1;
    %jmp T_0.8;
T_0.6 ;
    %load/vec4 v0x7fbe7bd17860_0;
    %store/vec4 v0x7fbe7bd17ab0_0, 0, 1;
    %jmp T_0.8;
T_0.7 ;
    %load/vec4 v0x7fbe7bd17900_0;
    %store/vec4 v0x7fbe7bd17ab0_0, 0, 1;
    %jmp T_0.8;
T_0.8 ;
    %pop/vec4 1;
    %jmp T_0;
    .thread T_0, $push;
# The file index is used to find the file name in the following table.
:file_names 4;
    "N/A";
    "<interactive>";
    "func.v";
    "mux8.v";
